<?xml version="1.0" encoding="UTF-8"?>
<testng-results skipped="0" failed="0" total="1" passed="1">
  <reporter-output>
  </reporter-output>
  <suite name="Default suite" duration-ms="44541" started-at="2014-09-19T11:00:08Z" finished-at="2014-09-19T11:00:52Z">
    <groups>
    </groups>
    <test name="Default test" duration-ms="44541" started-at="2014-09-19T11:00:08Z" finished-at="2014-09-19T11:00:52Z">
      <class name="persistent.AutomationM.login">
        <test-method status="PASS" signature="beforeTest()[pri:0, instance:persistent.AutomationM.login@90c1ee]" name="beforeTest" is-config="true" duration-ms="11" started-at="2014-09-19T11:00:08Z" finished-at="2014-09-19T11:00:08Z">
          <reporter-output>
          </reporter-output>
        </test-method> <!-- beforeTest -->
        <test-method status="PASS" signature="loginWeb()[pri:0, instance:persistent.AutomationM.login@90c1ee]" name="loginWeb" duration-ms="43774" started-at="2014-09-19T11:00:08Z" finished-at="2014-09-19T11:00:52Z">
          <reporter-output>
          </reporter-output>
        </test-method> <!-- loginWeb -->
        <test-method status="PASS" signature="afterTest()[pri:0, instance:persistent.AutomationM.login@90c1ee]" name="afterTest" is-config="true" duration-ms="731" started-at="2014-09-19T11:00:52Z" finished-at="2014-09-19T11:00:52Z">
          <reporter-output>
          </reporter-output>
        </test-method> <!-- afterTest -->
      </class> <!-- persistent.AutomationM.login -->
    </test> <!-- Default test -->
  </suite> <!-- Default suite -->
</testng-results>
